<?xml version="1.0" encoding="UTF-8"?>
<testsuite name="org.tiogasolutions.workhorse.agent.resources.JobResourceV1Test" tests="10" skipped="0" failures="0" errors="0" timestamp="2015-04-08T20:17:00" hostname="ISJACOBP" time="0.01">
  <properties/>
  <testcase name="testSplitCommand_empty" classname="org.tiogasolutions.workhorse.agent.resources.JobResourceV1Test" time="0.008"/>
  <testcase name="testSplitCommand_oneWord" classname="org.tiogasolutions.workhorse.agent.resources.JobResourceV1Test" time="0.0"/>
  <testcase name="testSplitCommand_threeWords" classname="org.tiogasolutions.workhorse.agent.resources.JobResourceV1Test" time="0.0"/>
  <testcase name="testSplitCommand_threeWordsFirstQuoted" classname="org.tiogasolutions.workhorse.agent.resources.JobResourceV1Test" time="0.0"/>
  <testcase name="testSplitCommand_threeWordsFirstQuotedWithSpace" classname="org.tiogasolutions.workhorse.agent.resources.JobResourceV1Test" time="0.0"/>
  <testcase name="testSplitCommand_threeWordsLastQuoted" classname="org.tiogasolutions.workhorse.agent.resources.JobResourceV1Test" time="0.0"/>
  <testcase name="testSplitCommand_threeWordsLastQuotedWithSpace" classname="org.tiogasolutions.workhorse.agent.resources.JobResourceV1Test" time="0.0"/>
  <testcase name="testSplitCommand_threeWordsSecondQuoted" classname="org.tiogasolutions.workhorse.agent.resources.JobResourceV1Test" time="0.0"/>
  <testcase name="testSplitCommand_threeWordsSecondQuotedWithSpace" classname="org.tiogasolutions.workhorse.agent.resources.JobResourceV1Test" time="0.0"/>
  <testcase name="testSplitCommand_twoWords" classname="org.tiogasolutions.workhorse.agent.resources.JobResourceV1Test" time="0.0"/>
  <system-out><![CDATA[]]></system-out>
  <system-err><![CDATA[]]></system-err>
</testsuite>
